Started GET "/" for 200.4.199.12 at 2016-08-01 19:20:05 +0000
Cannot render console from 200.4.199.12! Allowed networks: 127.0.0.1, ::1, 127.0.0.0/127.255.255.255
  [1m[36mActiveRecord::SchemaMigration Load (0.7ms)[0m  [1m[34mSELECT `schema_migrations`.* FROM `schema_migrations`[0m
Processing by HomeController#index as HTML
  Rendering home/index.html.erb within layouts/application
  Rendered home/index.html.erb within layouts/application (904.6ms)
Completed 200 OK in 1096ms (Views: 1072.0ms | ActiveRecord: 0.0ms)


Started GET "/" for 200.4.199.12 at 2016-08-01 19:20:09 +0000
Cannot render console from 200.4.199.12! Allowed networks: 127.0.0.1, ::1, 127.0.0.0/127.255.255.255
Processing by HomeController#index as HTML
  Rendering home/index.html.erb within layouts/application
  Rendered home/index.html.erb within layouts/application (8.1ms)
Completed 200 OK in 83ms (Views: 80.7ms | ActiveRecord: 0.0ms)


Started GET "/parkings" for 200.4.199.12 at 2016-08-01 19:20:34 +0000
Cannot render console from 200.4.199.12! Allowed networks: 127.0.0.1, ::1, 127.0.0.0/127.255.255.255
Processing by ParkingsController#index as HTML
  [1m[36mParking Load (0.6ms)[0m  [1m[34mSELECT p.*, f.id as favorite_id FROM parkings p LEFT JOIN favorites f ON f.parkings_id = p.id[0m
  Rendering parkings/index.html.erb within layouts/application
  Rendered parkings/index.html.erb within layouts/application (108.9ms)
Completed 200 OK in 214ms (Views: 198.0ms | ActiveRecord: 2.3ms)


Started GET "/" for 200.4.199.12 at 2016-08-01 19:37:48 +0000
Cannot render console from 200.4.199.12! Allowed networks: 127.0.0.1, ::1, 127.0.0.0/127.255.255.255
Processing by HomeController#index as HTML
  Rendering home/index.html.erb within layouts/application
  Rendered home/index.html.erb within layouts/application (158.2ms)
Completed 200 OK in 247ms (Views: 244.0ms | ActiveRecord: 0.0ms)


Started GET "/parkings" for 200.4.199.12 at 2016-08-01 19:37:50 +0000
Cannot render console from 200.4.199.12! Allowed networks: 127.0.0.1, ::1, 127.0.0.0/127.255.255.255
Processing by ParkingsController#index as HTML
  [1m[36mParking Load (0.3ms)[0m  [1m[34mSELECT p.*, f.id as favorite_id FROM parkings p LEFT JOIN favorites f ON f.parkings_id = p.id[0m
  Rendering parkings/index.html.erb within layouts/application
  Rendered parkings/index.html.erb within layouts/application (11.4ms)
Completed 200 OK in 132ms (Views: 127.9ms | ActiveRecord: 0.3ms)


  [1m[35m (0.1ms)[0m  [1m[34mSELECT DATABASE() as db[0m
  [1m[35m (0.2ms)[0m  [1m[34mSELECT GET_LOCK('5295678035381066865', 0);[0m
  [1m[36mActiveRecord::SchemaMigration Load (0.2ms)[0m  [1m[34mSELECT `schema_migrations`.* FROM `schema_migrations`[0m
Migrating to AddLatitudlongitudToParkings (20160801195956)
  [1m[35m (24.1ms)[0m  [1m[35mALTER TABLE `parkings` ADD `latitud` varchar(255)[0m
  [1m[35m (17.2ms)[0m  [1m[35mALTER TABLE `parkings` ADD `longitud` varchar(255)[0m
  [1m[35m (0.1ms)[0m  [1m[35mBEGIN[0m
  [1m[35mSQL (0.3ms)[0m  [1m[32mINSERT INTO `schema_migrations` (`version`) VALUES ('20160801195956')[0m
  [1m[35m (4.3ms)[0m  [1m[35mCOMMIT[0m
  [1m[36mActiveRecord::InternalMetadata Load (0.3ms)[0m  [1m[34mSELECT  `ar_internal_metadata`.* FROM `ar_internal_metadata` WHERE `ar_internal_metadata`.`key` = 'environment' LIMIT 1[0m
  [1m[35m (0.1ms)[0m  [1m[35mBEGIN[0m
  [1m[35m (0.1ms)[0m  [1m[35mCOMMIT[0m
  [1m[35m (0.1ms)[0m  [1m[34mSELECT RELEASE_LOCK('5295678035381066865')[0m
  [1m[36mActiveRecord::SchemaMigration Load (0.3ms)[0m  [1m[34mSELECT `schema_migrations`.* FROM `schema_migrations`[0m
  [1m[35m (0.1ms)[0m  [1m[35mSHOW CREATE TABLE `favorites`[0m
  [1m[35m (0.1ms)[0m  [1m[35mSHOW CREATE TABLE `parkings`[0m
  [1m[35m (0.3ms)[0m  [1m[35mSHOW TABLE STATUS LIKE 'parkings'[0m
  [1m[35m (0.3ms)[0m  [1m[35mSHOW CREATE TABLE `users`[0m
  [1m[35m (0.4ms)[0m  [1m[35mSHOW TABLE STATUS LIKE 'users'[0m
  [1m[35m (0.2ms)[0m  [1m[34mSELECT fk.referenced_table_name as 'to_table'
      ,fk.referenced_column_name as 'primary_key'
      ,fk.column_name as 'column'
      ,fk.constraint_name as 'name'
FROM information_schema.key_column_usage fk
WHERE fk.referenced_column_name is not null
  AND fk.table_schema = 'web_tuparqueo'
  AND fk.table_name = 'favorites'
[0m
  [1m[35m (0.3ms)[0m  [1m[34mSELECT fk.referenced_table_name as 'to_table'
      ,fk.referenced_column_name as 'primary_key'
      ,fk.column_name as 'column'
      ,fk.constraint_name as 'name'
FROM information_schema.key_column_usage fk
WHERE fk.referenced_column_name is not null
  AND fk.table_schema = 'web_tuparqueo'
  AND fk.table_name = 'parkings'
[0m
  [1m[35m (0.3ms)[0m  [1m[34mSELECT fk.referenced_table_name as 'to_table'
      ,fk.referenced_column_name as 'primary_key'
      ,fk.column_name as 'column'
      ,fk.constraint_name as 'name'
FROM information_schema.key_column_usage fk
WHERE fk.referenced_column_name is not null
  AND fk.table_schema = 'web_tuparqueo'
  AND fk.table_name = 'users'
[0m
  [1m[35m (0.1ms)[0m  [1m[34mSELECT DATABASE() as db[0m
  [1m[35m (0.2ms)[0m  [1m[34mSELECT GET_LOCK('5295678035381066865', 0);[0m
  [1m[36mActiveRecord::SchemaMigration Load (0.2ms)[0m  [1m[34mSELECT `schema_migrations`.* FROM `schema_migrations`[0m
  [1m[36mActiveRecord::InternalMetadata Load (0.1ms)[0m  [1m[34mSELECT  `ar_internal_metadata`.* FROM `ar_internal_metadata` WHERE `ar_internal_metadata`.`key` = 'environment' LIMIT 1[0m
  [1m[35m (0.2ms)[0m  [1m[35mBEGIN[0m
  [1m[35m (0.1ms)[0m  [1m[35mCOMMIT[0m
  [1m[35m (0.2ms)[0m  [1m[34mSELECT RELEASE_LOCK('5295678035381066865')[0m
  [1m[36mActiveRecord::SchemaMigration Load (0.2ms)[0m  [1m[34mSELECT `schema_migrations`.* FROM `schema_migrations`[0m
  [1m[35m (0.2ms)[0m  [1m[35mSHOW CREATE TABLE `favorites`[0m
  [1m[35m (0.2ms)[0m  [1m[35mSHOW CREATE TABLE `parkings`[0m
  [1m[35m (0.3ms)[0m  [1m[35mSHOW TABLE STATUS LIKE 'parkings'[0m
  [1m[35m (0.2ms)[0m  [1m[35mSHOW CREATE TABLE `users`[0m
  [1m[35m (0.3ms)[0m  [1m[35mSHOW TABLE STATUS LIKE 'users'[0m
  [1m[35m (0.3ms)[0m  [1m[34mSELECT fk.referenced_table_name as 'to_table'
      ,fk.referenced_column_name as 'primary_key'
      ,fk.column_name as 'column'
      ,fk.constraint_name as 'name'
FROM information_schema.key_column_usage fk
WHERE fk.referenced_column_name is not null
  AND fk.table_schema = 'web_tuparqueo'
  AND fk.table_name = 'favorites'
[0m
  [1m[35m (0.4ms)[0m  [1m[34mSELECT fk.referenced_table_name as 'to_table'
      ,fk.referenced_column_name as 'primary_key'
      ,fk.column_name as 'column'
      ,fk.constraint_name as 'name'
FROM information_schema.key_column_usage fk
WHERE fk.referenced_column_name is not null
  AND fk.table_schema = 'web_tuparqueo'
  AND fk.table_name = 'parkings'
[0m
  [1m[35m (0.3ms)[0m  [1m[34mSELECT fk.referenced_table_name as 'to_table'
      ,fk.referenced_column_name as 'primary_key'
      ,fk.column_name as 'column'
      ,fk.constraint_name as 'name'
FROM information_schema.key_column_usage fk
WHERE fk.referenced_column_name is not null
  AND fk.table_schema = 'web_tuparqueo'
  AND fk.table_name = 'users'
[0m
